0 info it worked if it ends with ok
1 verbose cli [ '/Users/jero/.nvm/versions/node/v4.8.7/bin/node',
1 verbose cli   '/Users/jero/.nvm/versions/node/v4.8.7/bin/npm',
1 verbose cli   'run',
1 verbose cli   'test:coverage' ]
2 info using npm@2.15.11
3 info using node@v4.8.7
4 verbose run-script [ 'pretest:coverage', 'test:coverage', 'posttest:coverage' ]
5 info pretest:coverage deviget-challenger@0.1.0
6 info test:coverage deviget-challenger@0.1.0
7 verbose unsafe-perm in lifecycle true
8 info deviget-challenger@0.1.0 Failed to exec test:coverage script
9 verbose stack Error: deviget-challenger@0.1.0 test:coverage: `jest --coverage`
9 verbose stack Exit status 1
9 verbose stack     at EventEmitter.<anonymous> (/Users/jero/.nvm/versions/node/v4.8.7/lib/node_modules/npm/lib/utils/lifecycle.js:217:16)
9 verbose stack     at emitTwo (events.js:87:13)
9 verbose stack     at EventEmitter.emit (events.js:172:7)
9 verbose stack     at ChildProcess.<anonymous> (/Users/jero/.nvm/versions/node/v4.8.7/lib/node_modules/npm/lib/utils/spawn.js:24:14)
9 verbose stack     at emitTwo (events.js:87:13)
9 verbose stack     at ChildProcess.emit (events.js:172:7)
9 verbose stack     at maybeClose (internal/child_process.js:862:16)
9 verbose stack     at Process.ChildProcess._handle.onexit (internal/child_process.js:222:5)
10 verbose pkgid deviget-challenger@0.1.0
11 verbose cwd /projects/deviget/challenger
12 error Darwin 17.4.0
13 error argv "/Users/jero/.nvm/versions/node/v4.8.7/bin/node" "/Users/jero/.nvm/versions/node/v4.8.7/bin/npm" "run" "test:coverage"
14 error node v4.8.7
15 error npm  v2.15.11
16 error code ELIFECYCLE
17 error deviget-challenger@0.1.0 test:coverage: `jest --coverage`
17 error Exit status 1
18 error Failed at the deviget-challenger@0.1.0 test:coverage script 'jest --coverage'.
18 error This is most likely a problem with the deviget-challenger package,
18 error not with npm itself.
18 error Tell the author that this fails on your system:
18 error     jest --coverage
18 error You can get information on how to open an issue for this project with:
18 error     npm bugs deviget-challenger
18 error Or if that isn't available, you can get their info via:
18 error
18 error     npm owner ls deviget-challenger
18 error There is likely additional logging output above.
19 verbose exit [ 1, true ]
